#
# A fatal error has been detected by the Java Runtime Environment:
#
#  EXCEPTION_ACCESS_VIOLATION (0xc0000005) at pc=0x000000006e1e7a0f, pid=5416, tid=0x0000000000004034
#
# JRE version: Java(TM) SE Runtime Environment (8.0_181-b13) (build 1.8.0_181-b13)
# Java VM: Java HotSpot(TM) 64-Bit Server VM (25.181-b13 mixed mode windows-amd64 compressed oops)
# Problematic frame:
# V  [jvm.dll+0xf7a0f]
#
# Failed to write core dump. Minidumps are not enabled by default on client versions of Windows
#
# If you would like to submit a bug report, please visit:
#   http://bugreport.java.com/bugreport/crash.jsp
#

---------------  T H R E A D  ---------------

Current thread (0x00000000177a7800):  VMThread [stack: 0x0000000018850000,0x0000000018950000] [id=16436]

siginfo: ExceptionCode=0xc0000005, reading address 0x00000000173e4a78

Registers:
RAX=0x00000000001942c0, RBX=0x0000000000000000, RCX=0x00000000172507a8, RDX=0x000000000000ca16
RSP=0x000000001894ec58, RBP=0x000000001894f1d0, RSI=0x000000001894f360, RDI=0x000000001894f360
R8 =0x0000000000000000, R9 =0x000000001724e788, R10=0x0000000000000008, R11=0x000000001724f6e3
R12=0x00000000176b5528, R13=0x000000001894f190, R14=0x00000000000003d8, R15=0x000000001894f180
RIP=0x000000006e1e7a0f, EFLAGS=0x0000000000010206

Top of Stack: (sp=0x000000001894ec58)
0x000000001894ec58:   000000006e1ef470 000000001894f2a0
0x000000001894ec68:   0000000000000000 000000001894f360
0x000000001894ec78:   0000000000000000 000000001894f2a0
0x000000001894ec88:   00000000192b3cf0 000000006e6f7f18
0x000000001894ec98:   0000000002afd000 0000000000000002
0x000000001894eca8:   000000000000000c 000000001894ecd0
0x000000001894ecb8:   0000000000000001 000000004600003e
0x000000001894ecc8:   0000000000000001 4fffffff4fffffff
0x000000001894ecd8:   00000000000003d8 4fffffff4fffffff
0x000000001894ece8:   ffffffffffffffff 0000000000000000
0x000000001894ecf8:   000000006e1b5198 000000001894f2a0
0x000000001894ed08:   000000001894f360 00009bfcb2a1667e
0x000000001894ed18:   000000001894f260 000000001894f360
0x000000001894ed28:   000000006e1ef5f6 000000004fffffff
0x000000001894ed38:   0000000000000000 000000001894f360
0x000000001894ed48:   000000001894f3a0 0000000000000000 

Instructions: (pc=0x000000006e1e7a0f)
0x000000006e1e79ef:   74 3e 85 d2 79 13 f7 d2 48 63 c2 48 c1 e0 05 48
0x000000006e1e79ff:   8b 44 08 10 0f b7 c0 eb 12 48 63 c2 48 c1 e0 05
0x000000006e1e7a0f:   48 8b 44 08 10 0f b7 d0 48 63 c2 41 0f b7 4c c1
0x000000006e1e7a1f:   52 48 63 c1 41 0f b7 44 c1 52 49 8b 44 c1 50 c3 


Register to memory mapping:

RAX=0x00000000001942c0 is an unknown value
RBX=0x0000000000000000 is an unknown value
RCX=0x00000000172507a8 is pointing into metadata
RDX=0x000000000000ca16 is an unknown value
RSP=0x000000001894ec58 is an unknown value
RBP=0x000000001894f1d0 is an unknown value
RSI=0x000000001894f360 is an unknown value
RDI=0x000000001894f360 is an unknown value
R8 =0x0000000000000000 is an unknown value
R9 =0x000000001724e788 is pointing into metadata
R10=0x0000000000000008 is an unknown value
R11=0x000000001724f6e3 is pointing into metadata
R12=0x00000000176b5528 is an unknown value
R13=0x000000001894f190 is an unknown value
R14=0x00000000000003d8 is an unknown value
R15=0x000000001894f180 is an unknown value


Stack: [0x0000000018850000,0x0000000018950000],  sp=0x000000001894ec58,  free space=1019k
Native frames: (J=compiled Java code, j=interpreted, Vv=VM code, C=native code)
V  [jvm.dll+0xf7a0f]

VM_Operation (0x0000000018f4f560): GetOrSetLocal, mode: safepoint, requested by thread 0x00000000177eb800


---------------  P R O C E S S  ---------------

Java Threads: ( => current thread )
  0x0000000019258000 JavaThread "Service Thread" daemon [_thread_blocked, id=17932, stack(0x0000000019850000,0x0000000019950000)]
  0x00000000191fe800 JavaThread "C1 CompilerThread2" daemon [_thread_blocked, id=16768, stack(0x0000000019750000,0x0000000019850000)]
  0x00000000191d5800 JavaThread "C2 CompilerThread1" daemon [_thread_blocked, id=18516, stack(0x0000000019650000,0x0000000019750000)]
  0x00000000191d4800 JavaThread "C2 CompilerThread0" daemon [_thread_blocked, id=6368, stack(0x0000000019550000,0x0000000019650000)]
  0x0000000017805000 JavaThread "JDWP Command Reader" daemon [_thread_in_native, id=19284, stack(0x0000000019050000,0x0000000019150000)]
  0x00000000177f8000 JavaThread "JDWP Event Helper Thread" daemon [_thread_blocked, id=15344, stack(0x0000000018f50000,0x0000000019050000)]
  0x00000000177eb800 JavaThread "JDWP Transport Listener: dt_socket" daemon [_thread_blocked, id=16128, stack(0x0000000018e50000,0x0000000018f50000)]
  0x00000000177e0800 JavaThread "Attach Listener" daemon [_thread_blocked, id=17684, stack(0x0000000018d50000,0x0000000018e50000)]
  0x00000000177df800 JavaThread "Signal Dispatcher" daemon [_thread_blocked, id=14008, stack(0x0000000018c50000,0x0000000018d50000)]
  0x00000000177ce800 JavaThread "Finalizer" daemon [_thread_blocked, id=10980, stack(0x0000000018a50000,0x0000000018b50000)]
  0x0000000002ba5000 JavaThread "Reference Handler" daemon [_thread_blocked, id=14412, stack(0x0000000018950000,0x0000000018a50000)]
  0x0000000002ab3800 JavaThread "main" [_thread_blocked, id=11532, stack(0x0000000002770000,0x0000000002870000)]

Other Threads:
=>0x00000000177a7800 VMThread [stack: 0x0000000018850000,0x0000000018950000] [id=16436]
  0x000000001927b800 WatcherThread [stack: 0x0000000019950000,0x0000000019a50000] [id=8684]

VM state:at safepoint (normal execution)

VM Mutex/Monitor currently owned by a thread:  ([mutex/lock_event])
[0x0000000002ab0850] Threads_lock - owner thread: 0x00000000177a7800

Heap:
 PSYoungGen      total 38400K, used 4846K [0x00000000d5e00000, 0x00000000d8880000, 0x0000000100000000)
  eden space 33280K, 14% used [0x00000000d5e00000,0x00000000d62bbb20,0x00000000d7e80000)
  from space 5120K, 0% used [0x00000000d8380000,0x00000000d8380000,0x00000000d8880000)
  to   space 5120K, 0% used [0x00000000d7e80000,0x00000000d7e80000,0x00000000d8380000)
 ParOldGen       total 87552K, used 0K [0x0000000081a00000, 0x0000000086f80000, 0x00000000d5e00000)
  object space 87552K, 0% used [0x0000000081a00000,0x0000000081a00000,0x0000000086f80000)
 Metaspace       used 3288K, capacity 4728K, committed 4864K, reserved 1056768K
  class space    used 348K, capacity 424K, committed 512K, reserved 1048576K

Card table byte_map: [0x0000000012060000,0x0000000012460000] byte_map_base: 0x0000000011c53000

Marking Bits: (ParMarkBitMap*) 0x000000006e912d00
 Begin Bits: [0x0000000012b10000, 0x0000000014aa8000)
 End Bits:   [0x0000000014aa8000, 0x0000000016a40000)

Polling page: 0x0000000000ca0000

CodeCache: size=245760Kb used=1162Kb max_used=1162Kb free=244597Kb
 bounds [0x0000000002ca0000, 0x0000000002f10000, 0x0000000011ca0000]
 total_blobs=278 nmethods=41 adapters=158
 compilation: enabled

Compilation events (10 events):
Event: 1.440 Thread 0x00000000191fe800 nmethod 37 0x0000000002dbc950 code [0x0000000002dbcb40, 0x0000000002dbd408]
Event: 1.440 Thread 0x00000000191fe800   38  s!   3       sun.misc.URLClassPath::getLoader (243 bytes)
Event: 1.441 Thread 0x00000000191d5800 nmethod 35% 0x0000000002dbf5d0 code [0x0000000002dbf720, 0x0000000002dbfc98]
Event: 1.444 Thread 0x00000000191fe800 nmethod 38 0x0000000002dc0050 code [0x0000000002dc04a0, 0x0000000002dc3238]
Event: 1.444 Thread 0x00000000191fe800   40       3       java.lang.String::replace (127 bytes)
Event: 1.445 Thread 0x00000000191fe800 nmethod 40 0x0000000002dbbd10 code [0x0000000002dbbec0, 0x0000000002dbc570]
Event: 1.445 Thread 0x00000000191fe800   39       1       java.net.URL::getQuery (5 bytes)
Event: 1.445 Thread 0x00000000191fe800 nmethod 39 0x0000000002db57d0 code [0x0000000002db5920, 0x0000000002db5a30]
Event: 1008.893 Thread 0x00000000191fe800   41       3       java.util.HashMap::get (23 bytes)
Event: 1008.893 Thread 0x00000000191fe800 nmethod 41 0x0000000002dbb610 code [0x0000000002dbb7a0, 0x0000000002dbbbb8]

GC Heap History (0 events):
No events

Deoptimization events (0 events):
No events

Classes redefined (7 events):
Event: 1008.896 Thread 0x00000000177a7800 redefined class name=Parser, count=1
Event: 1008.896 Thread 0x00000000177a7800 redefined class name=Parser$Token, count=1
Event: 1176.563 Thread 0x00000000177a7800 redefined class name=Lexer, count=1
Event: 1270.928 Thread 0x00000000177a7800 redefined class name=Parser, count=2
Event: 1270.928 Thread 0x00000000177a7800 redefined class name=Parser$Token, count=2
Event: 1470.863 Thread 0x00000000177a7800 redefined class name=Parser, count=3
Event: 1470.863 Thread 0x00000000177a7800 redefined class name=Parser$Token, count=3

Internal exceptions (2 events):
Event: 0.047 Thread 0x0000000002ab3800 Exception <a 'java/lang/NoSuchMethodError': Method sun.misc.Unsafe.defineClass(Ljava/lang/String;[BII)Ljava/lang/Class; name or signature does not match> (0x00000000d5e07cb0) thrown at [C:\re\workspace\8-2-build-windows-amd64-cygwin\jdk8u181\11358\hotspot
Event: 0.047 Thread 0x0000000002ab3800 Exception <a 'java/lang/NoSuchMethodError': Method sun.misc.Unsafe.prefetchRead(Ljava/lang/Object;J)V name or signature does not match> (0x00000000d5e07f98) thrown at [C:\re\workspace\8-2-build-windows-amd64-cygwin\jdk8u181\11358\hotspot\src\share\vm\prim

Events (10 events):
Event: 1470.907 Executing VM operation: ChangeBreakpoints done
Event: 1470.907 Executing VM operation: ChangeBreakpoints
Event: 1470.907 Executing VM operation: ChangeBreakpoints done
Event: 1470.909 Executing VM operation: GetOrSetLocal
Event: 1470.909 Executing VM operation: GetOrSetLocal done
Event: 1470.910 Executing VM operation: GetOrSetLocal
Event: 1470.910 Executing VM operation: GetOrSetLocal done
Event: 1470.911 Executing VM operation: GetOrSetLocal
Event: 1470.911 Executing VM operation: GetOrSetLocal done
Event: 1470.912 Executing VM operation: GetOrSetLocal


Dynamic libraries:
0x00007ff7e7900000 - 0x00007ff7e7937000 	C:\Program Files\Java\jdk1.8.0_181\bin\java.exe
0x00007ffff6400000 - 0x00007ffff65f0000 	C:\WINDOWS\SYSTEM32\ntdll.dll
0x00007ffff6280000 - 0x00007ffff6332000 	C:\WINDOWS\System32\KERNEL32.DLL
0x00007ffff38b0000 - 0x00007ffff3b53000 	C:\WINDOWS\System32\KERNELBASE.dll
0x00007ffff4940000 - 0x00007ffff49e3000 	C:\WINDOWS\System32\ADVAPI32.dll
0x00007ffff47a0000 - 0x00007ffff483e000 	C:\WINDOWS\System32\msvcrt.dll
0x00007ffff4580000 - 0x00007ffff4617000 	C:\WINDOWS\System32\sechost.dll
0x00007ffff4c80000 - 0x00007ffff4da0000 	C:\WINDOWS\System32\RPCRT4.dll
0x00007ffff54f0000 - 0x00007ffff5684000 	C:\WINDOWS\System32\USER32.dll
0x00007ffff4480000 - 0x00007ffff44a1000 	C:\WINDOWS\System32\win32u.dll
0x00007ffff5700000 - 0x00007ffff5726000 	C:\WINDOWS\System32\GDI32.dll
0x00007ffff35f0000 - 0x00007ffff3784000 	C:\WINDOWS\System32\gdi32full.dll
0x00007ffff3790000 - 0x00007ffff382e000 	C:\WINDOWS\System32\msvcp_win.dll
0x00007ffff3c00000 - 0x00007ffff3cfa000 	C:\WINDOWS\System32\ucrtbase.dll
0x00007fffe5ed0000 - 0x00007fffe6155000 	C:\WINDOWS\WinSxS\amd64_microsoft.windows.common-controls_6595b64144ccf1df_6.0.18362.418_none_e6c6b287130d565d\COMCTL32.dll
0x00007ffff5830000 - 0x00007ffff5b66000 	C:\WINDOWS\System32\combase.dll
0x00007ffff3b60000 - 0x00007ffff3be0000 	C:\WINDOWS\System32\bcryptPrimitives.dll
0x00007ffff4840000 - 0x00007ffff486e000 	C:\WINDOWS\System32\IMM32.DLL
0x000000006e9a0000 - 0x000000006ea72000 	C:\Program Files\Java\jdk1.8.0_181\jre\bin\msvcr100.dll
0x000000006e0f0000 - 0x000000006e992000 	C:\Program Files\Java\jdk1.8.0_181\jre\bin\server\jvm.dll
0x00007ffff4c70000 - 0x00007ffff4c78000 	C:\WINDOWS\System32\PSAPI.DLL
0x00007fffdedf0000 - 0x00007fffdedf9000 	C:\WINDOWS\SYSTEM32\WSOCK32.dll
0x00007ffff4c00000 - 0x00007ffff4c6f000 	C:\WINDOWS\System32\WS2_32.dll
0x00007fffefc80000 - 0x00007fffefca4000 	C:\WINDOWS\SYSTEM32\WINMM.dll
0x00007fffea1b0000 - 0x00007fffea1ba000 	C:\WINDOWS\SYSTEM32\VERSION.dll
0x00007fffefc50000 - 0x00007fffefc7d000 	C:\WINDOWS\SYSTEM32\WINMMBASE.dll
0x00007ffff3860000 - 0x00007ffff38aa000 	C:\WINDOWS\System32\cfgmgr32.dll
0x00000000702b0000 - 0x00000000702bf000 	C:\Program Files\Java\jdk1.8.0_181\jre\bin\verify.dll
0x0000000070280000 - 0x00000000702a9000 	C:\Program Files\Java\jdk1.8.0_181\jre\bin\java.dll
0x0000000070220000 - 0x0000000070255000 	C:\Program Files\Java\jdk1.8.0_181\jre\bin\jdwp.dll
0x0000000070210000 - 0x0000000070218000 	C:\Program Files\Java\jdk1.8.0_181\jre\bin\npt.dll
0x000000006e0c0000 - 0x000000006e0e3000 	C:\Program Files\Java\jdk1.8.0_181\jre\bin\instrument.dll
0x0000000070260000 - 0x0000000070276000 	C:\Program Files\Java\jdk1.8.0_181\jre\bin\zip.dll
0x00007ffff4e00000 - 0x00007ffff54e5000 	C:\WINDOWS\System32\SHELL32.dll
0x00007ffff4620000 - 0x00007ffff46c9000 	C:\WINDOWS\System32\shcore.dll
0x00007ffff3d00000 - 0x00007ffff447f000 	C:\WINDOWS\System32\windows.storage.dll
0x00007ffff3300000 - 0x00007ffff331f000 	C:\WINDOWS\System32\profapi.dll
0x00007ffff3340000 - 0x00007ffff338a000 	C:\WINDOWS\System32\powrprof.dll
0x00007ffff32d0000 - 0x00007ffff32e0000 	C:\WINDOWS\System32\UMPDC.dll
0x00007ffff4da0000 - 0x00007ffff4df2000 	C:\WINDOWS\System32\shlwapi.dll
0x00007ffff3320000 - 0x00007ffff3331000 	C:\WINDOWS\System32\kernel.appcore.dll
0x00007ffff3be0000 - 0x00007ffff3bf7000 	C:\WINDOWS\System32\cryptsp.dll
0x0000000070200000 - 0x0000000070209000 	C:\Program Files\Java\jdk1.8.0_181\jre\bin\dt_socket.dll
0x00007ffff2b40000 - 0x00007ffff2ba7000 	C:\WINDOWS\system32\mswsock.dll
0x00007fffef340000 - 0x00007fffef534000 	C:\WINDOWS\SYSTEM32\dbghelp.dll

VM Arguments:
jvm_args: -agentlib:jdwp=transport=dt_socket,address=127.0.0.1:54657,suspend=y,server=n -javaagent:C:\Users\Larry\.IntelliJIdea2018.2\system\captureAgent\debugger-agent.jar=file:/C:/Users/Larry/AppData/Local/Temp/capture.props -Dfile.encoding=UTF-8 
java_command: SyntaxChecker C:\Users\Larry\Desktop\College\2019-2020\CMPSC470Compiler\Project3\MyProject3\src\succ_01.minc
java_class_path (initial): C:\Program Files\Java\jdk1.8.0_181\jre\lib\charsets.jar;C:\Program Files\Java\jdk1.8.0_181\jre\lib\deploy.jar;C:\Program Files\Java\jdk1.8.0_181\jre\lib\ext\access-bridge-64.jar;C:\Program Files\Java\jdk1.8.0_181\jre\lib\ext\cldrdata.jar;C:\Program Files\Java\jdk1.8.0_181\jre\lib\ext\dnsns.jar;C:\Program Files\Java\jdk1.8.0_181\jre\lib\ext\jaccess.jar;C:\Program Files\Java\jdk1.8.0_181\jre\lib\ext\jfxrt.jar;C:\Program Files\Java\jdk1.8.0_181\jre\lib\ext\localedata.jar;C:\Program Files\Java\jdk1.8.0_181\jre\lib\ext\nashorn.jar;C:\Program Files\Java\jdk1.8.0_181\jre\lib\ext\sunec.jar;C:\Program Files\Java\jdk1.8.0_181\jre\lib\ext\sunjce_provider.jar;C:\Program Files\Java\jdk1.8.0_181\jre\lib\ext\sunmscapi.jar;C:\Program Files\Java\jdk1.8.0_181\jre\lib\ext\sunpkcs11.jar;C:\Program Files\Java\jdk1.8.0_181\jre\lib\ext\zipfs.jar;C:\Program Files\Java\jdk1.8.0_181\jre\lib\javaws.jar;C:\Program Files\Java\jdk1.8.0_181\jre\lib\jce.jar;C:\Program Files\Java\jdk1.8.0_181\jre\lib\jfr.jar;C:\Program Files\Java\jdk1.8.0_181\jre\lib\jfxswt.jar;C:\Program Files\Java\jdk1.8.0_181\jre\lib\jsse.jar;C:\Program Files\Java\jdk1.8.0_181\jre\lib\management-agent.jar;C:\Program Files\Java\jdk1.8.0_181\jre\lib\plugin.jar;C:\Program Files\Java\jdk1.8.0_181\jre\lib\resources.jar;C:\Program Files\Java\jdk1.8.0_181\jre\lib\rt.jar;C:\Users\Larry\Desktop\College\2019-2020\CMPSC470Compiler\Project3\MyProject3\out\production\MyProject3;C:\Program Files\JetBrains\IntelliJ IDEA 2018.2.1\lib\idea_rt.jar;C:\Users\Larry\.IntelliJIdea2018.2\system\captureAgent\debugger-agent.jar
Launcher Type: SUN_STANDARD

Environment Variables:
PATH=C:\Program Files (x86)\Common Files\Oracle\Java\javapath;C:\ProgramData\Oracle\Java\javapath;C:\Program Files (x86)\Intel\iCLS Client\;C:\Program Files\Intel\iCLS Client\;C:\WINDOWS\system32;C:\WINDOWS;C:\WINDOWS\System32\Wbem;C:\WINDOWS\System32\WindowsPowerShell\v1.0\;C:\ProgramData\Lenovo\ReadyApps;C:\Program Files (x86)\OpenVPN\bin;C:\Program Files (x86)\Windows Kits\8.1\Windows Performance Toolkit\;C:\WINDOWS\system32\config\systemprofile\.dnx\bin;C:\Program Files\Microsoft DNX\Dnvm\;C:\Program Files\Microsoft SQL Server\130\Tools\Binn\;C:\Program Files (x86)\Windows Live\Shared;C:\WINDOWS\System32\OpenSSH\;C:\Program Files\Intel\WiFi\bin\;C:\Program Files\Common Files\Intel\WirelessCommon\;C:\Program Files\Microsoft SQL Server\Client SDK\ODBC\130\Tools\Binn\;C:\Program Files (x86)\Microsoft SQL Server\140\Tools\Binn\;C:\Program Files\Microsoft SQL Server\140\Tools\Binn\;C:\Program Files\Microsoft SQL Server\140\DTS\Binn\;C:\Users\Larry\AppData\Local\Microsoft\WindowsApps;C:\Program Files\Intel\WiFi\bin\;C:\Program Files\Common Files\Intel\WirelessCommon\;
USERNAME=Kyle
OS=Windows_NT
PROCESSOR_IDENTIFIER=Intel64 Family 6 Model 61 Stepping 4, GenuineIntel



---------------  S Y S T E M  ---------------

OS: Windows 10.0 , 64 bit Build 18362 (10.0.18362.329)

CPU:total 4 (initial active 4) (2 cores per cpu, 2 threads per core) family 6 model 61 stepping 4, cmov, cx8, fxsr, mmx, sse, sse2, sse3, ssse3, sse4.1, sse4.2, popcnt, avx, avx2, clmul, erms, 3dnowpref, lzcnt, ht, tsc, tscinvbit, bmi1, bmi2, adx

Memory: 4k page, physical 8277124k(2830232k free), swap 10898564k(2417232k free)

vm_info: Java HotSpot(TM) 64-Bit Server VM (25.181-b13) for windows-amd64 JRE (1.8.0_181-b13), built on Jul  7 2018 04:01:33 by "java_re" with MS VC++ 10.0 (VS2010)

time: Mon Nov 11 14:20:40 2019
elapsed time: 1470 seconds (0d 0h 24m 30s)

