#
# A fatal error has been detected by the Java Runtime Environment:
#
#  Internal Error (javaCalls.cpp:51), pid=18960, tid=0x0000000000000d68
#  guarantee(thread->is_Java_thread()) failed: crucial check - the VM thread cannot and must not escape to Java code
#
# JRE version: Java(TM) SE Runtime Environment (8.0_181-b13) (build 1.8.0_181-b13)
# Java VM: Java HotSpot(TM) 64-Bit Server VM (25.181-b13 mixed mode windows-amd64 compressed oops)
# Failed to write core dump. Minidumps are not enabled by default on client versions of Windows
#
# If you would like to submit a bug report, please visit:
#   http://bugreport.java.com/bugreport/crash.jsp
#

---------------  T H R E A D  ---------------

Current thread (0x0000000017c08000):  VMThread [stack: 0x0000000018cc0000,0x0000000018dc0000] [id=3432]

Stack: [0x0000000018cc0000,0x0000000018dc0000]
[error occurred during error reporting (printing stack bounds), id 0xc0000005]

Native frames: (J=compiled Java code, j=interpreted, Vv=VM code, C=native code)

VM_Operation (0x00000000193bf3c0): GetOrSetLocal, mode: safepoint, requested by thread 0x0000000017c47000


---------------  P R O C E S S  ---------------

Java Threads: ( => current thread )
  0x000000001969b800 JavaThread "Service Thread" daemon [_thread_blocked, id=17684, stack(0x0000000019cc0000,0x0000000019dc0000)]
  0x000000001963f800 JavaThread "C1 CompilerThread2" daemon [_thread_blocked, id=15520, stack(0x0000000019bc0000,0x0000000019cc0000)]
  0x000000001963b000 JavaThread "C2 CompilerThread1" daemon [_thread_blocked, id=14668, stack(0x0000000019ac0000,0x0000000019bc0000)]
  0x000000001963a800 JavaThread "C2 CompilerThread0" daemon [_thread_blocked, id=6428, stack(0x00000000199c0000,0x0000000019ac0000)]
  0x0000000017c5c800 JavaThread "JDWP Command Reader" daemon [_thread_in_native, id=9656, stack(0x00000000194c0000,0x00000000195c0000)]
  0x0000000017c59000 JavaThread "JDWP Event Helper Thread" daemon [_thread_blocked, id=1164, stack(0x00000000193c0000,0x00000000194c0000)]
  0x0000000017c47000 JavaThread "JDWP Transport Listener: dt_socket" daemon [_thread_blocked, id=4552, stack(0x00000000192c0000,0x00000000193c0000)]
  0x0000000017c4b800 JavaThread "Attach Listener" daemon [_thread_blocked, id=10496, stack(0x00000000191c0000,0x00000000192c0000)]
  0x0000000017c4a800 JavaThread "Signal Dispatcher" daemon [_thread_blocked, id=8340, stack(0x00000000190c0000,0x00000000191c0000)]
  0x0000000017c2a800 JavaThread "Finalizer" daemon [_thread_blocked, id=17848, stack(0x0000000018ec0000,0x0000000018fc0000)]
  0x0000000017c09000 JavaThread "Reference Handler" daemon [_thread_blocked, id=2200, stack(0x0000000018dc0000,0x0000000018ec0000)]
  0x0000000003003800 JavaThread "main" [_thread_blocked, id=2028, stack(0x0000000002e00000,0x0000000002f00000)]

Other Threads:
=>0x0000000017c08000 VMThread [stack: 0x0000000018cc0000,0x0000000018dc0000] [id=3432]
  0x00000000196d7000 WatcherThread [stack: 0x0000000019dc0000,0x0000000019ec0000] [id=12596]

VM state:at safepoint (normal execution)

VM Mutex/Monitor currently owned by a thread:  ([mutex/lock_event])
[0x00000000030006d0] Threads_lock - owner thread: 0x0000000017c08000

Heap:
 PSYoungGen      total 38400K, used 5512K [0x00000000d5e00000, 0x00000000d8880000, 0x0000000100000000)
  eden space 33280K, 16% used [0x00000000d5e00000,0x00000000d6362288,0x00000000d7e80000)
  from space 5120K, 0% used [0x00000000d8380000,0x00000000d8380000,0x00000000d8880000)
  to   space 5120K, 0% used [0x00000000d7e80000,0x00000000d7e80000,0x00000000d8380000)
 ParOldGen       total 87552K, used 0K [0x0000000081a00000, 0x0000000086f80000, 0x00000000d5e00000)
  object space 87552K, 0% used [0x0000000081a00000,0x0000000081a00000,0x0000000086f80000)
 Metaspace       used 3257K, capacity 4664K, committed 4864K, reserved 1056768K
  class space    used 348K, capacity 424K, committed 512K, reserved 1048576K

Card table byte_map: [0x00000000124c0000,0x00000000128c0000] byte_map_base: 0x00000000120b3000

Marking Bits: (ParMarkBitMap*) 0x000000006e9f2d00
 Begin Bits: [0x0000000012f70000, 0x0000000014f08000)
 End Bits:   [0x0000000014f08000, 0x0000000016ea0000)

Polling page: 0x0000000000df0000

CodeCache: size=245760Kb used=1163Kb max_used=1163Kb free=244596Kb
 bounds [0x0000000003100000, 0x0000000003370000, 0x0000000012100000]
 total_blobs=279 nmethods=42 adapters=158
 compilation: enabled

Compilation events (10 events):
Event: 0.525 Thread 0x000000001963a800 nmethod 36% 0x000000000321ef90 code [0x000000000321f0e0, 0x000000000321f3b8]
Event: 0.528 Thread 0x000000001963f800 nmethod 39 0x000000000321f510 code [0x000000000321f940, 0x0000000003222698]
Event: 0.528 Thread 0x000000001963f800   38  s    3       sun.misc.URLClassPath::getNextLoader (88 bytes)
Event: 0.529 Thread 0x000000001963f800 nmethod 38 0x000000000321df90 code [0x000000000321e180, 0x000000000321ea48]
Event: 0.529 Thread 0x000000001963f800   40       1       java.net.URL::getQuery (5 bytes)
Event: 0.529 Thread 0x000000001963f800 nmethod 40 0x0000000003215dd0 code [0x0000000003215f20, 0x0000000003216030]
Event: 0.529 Thread 0x000000001963f800   41       1       java.nio.Buffer::position (5 bytes)
Event: 0.529 Thread 0x000000001963f800 nmethod 41 0x000000000321dcd0 code [0x000000000321de20, 0x000000000321df30]
Event: 689.159 Thread 0x000000001963f800   42       3       java.util.HashMap::get (23 bytes)
Event: 689.159 Thread 0x000000001963f800 nmethod 42 0x000000000321d5d0 code [0x000000000321d760, 0x000000000321db78]

GC Heap History (0 events):
No events

Deoptimization events (0 events):
No events

Classes redefined (6 events):
Event: 689.161 Thread 0x0000000017c08000 redefined class name=Parser, count=1
Event: 689.161 Thread 0x0000000017c08000 redefined class name=Parser$Token, count=1
Event: 776.404 Thread 0x0000000017c08000 redefined class name=Parser, count=2
Event: 776.404 Thread 0x0000000017c08000 redefined class name=Parser$Token, count=2
Event: 812.222 Thread 0x0000000017c08000 redefined class name=Parser, count=3
Event: 812.222 Thread 0x0000000017c08000 redefined class name=Parser$Token, count=3

Internal exceptions (2 events):
Event: 0.055 Thread 0x0000000003003800 Exception <a 'java/lang/NoSuchMethodError': Method sun.misc.Unsafe.defineClass(Ljava/lang/String;[BII)Ljava/lang/Class; name or signature does not match> (0x00000000d5e07cb0) thrown at [C:\re\workspace\8-2-build-windows-amd64-cygwin\jdk8u181\11358\hotspot
Event: 0.055 Thread 0x0000000003003800 Exception <a 'java/lang/NoSuchMethodError': Method sun.misc.Unsafe.prefetchRead(Ljava/lang/Object;J)V name or signature does not match> (0x00000000d5e07f98) thrown at [C:\re\workspace\8-2-build-windows-amd64-cygwin\jdk8u181\11358\hotspot\src\share\vm\prim

Events (10 events):
Event: 812.218 Executing VM operation: ChangeBreakpoints done
Event: 812.218 Executing VM operation: ChangeBreakpoints
Event: 812.218 Executing VM operation: ChangeBreakpoints done
Event: 812.218 Executing VM operation: ChangeBreakpoints
Event: 812.218 Executing VM operation: ChangeBreakpoints done
Event: 812.218 Executing VM operation: ChangeBreakpoints
Event: 812.218 Executing VM operation: ChangeBreakpoints done
Event: 812.221 Executing VM operation: RedefineClasses
Event: 812.222 Executing VM operation: RedefineClasses done
Event: 812.223 Executing VM operation: GetOrSetLocal


Dynamic libraries:
0x00007ff7e7900000 - 0x00007ff7e7937000 	C:\Program Files\Java\jdk1.8.0_181\bin\java.exe
0x00007ffff6400000 - 0x00007ffff65f0000 	C:\WINDOWS\SYSTEM32\ntdll.dll
0x00007ffff6280000 - 0x00007ffff6332000 	C:\WINDOWS\System32\KERNEL32.DLL
0x00007ffff38b0000 - 0x00007ffff3b53000 	C:\WINDOWS\System32\KERNELBASE.dll
0x00007ffff4940000 - 0x00007ffff49e3000 	C:\WINDOWS\System32\ADVAPI32.dll
0x00007ffff47a0000 - 0x00007ffff483e000 	C:\WINDOWS\System32\msvcrt.dll
0x00007ffff4580000 - 0x00007ffff4617000 	C:\WINDOWS\System32\sechost.dll
0x00007ffff4c80000 - 0x00007ffff4da0000 	C:\WINDOWS\System32\RPCRT4.dll
0x00007ffff54f0000 - 0x00007ffff5684000 	C:\WINDOWS\System32\USER32.dll
0x00007ffff4480000 - 0x00007ffff44a1000 	C:\WINDOWS\System32\win32u.dll
0x00007ffff5700000 - 0x00007ffff5726000 	C:\WINDOWS\System32\GDI32.dll
0x00007ffff35f0000 - 0x00007ffff3784000 	C:\WINDOWS\System32\gdi32full.dll
0x00007ffff3790000 - 0x00007ffff382e000 	C:\WINDOWS\System32\msvcp_win.dll
0x00007ffff3c00000 - 0x00007ffff3cfa000 	C:\WINDOWS\System32\ucrtbase.dll
0x00007fffe5ed0000 - 0x00007fffe6155000 	C:\WINDOWS\WinSxS\amd64_microsoft.windows.common-controls_6595b64144ccf1df_6.0.18362.418_none_e6c6b287130d565d\COMCTL32.dll
0x00007ffff5830000 - 0x00007ffff5b66000 	C:\WINDOWS\System32\combase.dll
0x00007ffff3b60000 - 0x00007ffff3be0000 	C:\WINDOWS\System32\bcryptPrimitives.dll
0x00007ffff4840000 - 0x00007ffff486e000 	C:\WINDOWS\System32\IMM32.DLL
0x00000000705c0000 - 0x0000000070692000 	C:\Program Files\Java\jdk1.8.0_181\jre\bin\msvcr100.dll
0x000000006e1d0000 - 0x000000006ea72000 	C:\Program Files\Java\jdk1.8.0_181\jre\bin\server\jvm.dll
0x00007ffff4c70000 - 0x00007ffff4c78000 	C:\WINDOWS\System32\PSAPI.DLL
0x00007fffdedf0000 - 0x00007fffdedf9000 	C:\WINDOWS\SYSTEM32\WSOCK32.dll
0x00007ffff4c00000 - 0x00007ffff4c6f000 	C:\WINDOWS\System32\WS2_32.dll
0x00007fffefc80000 - 0x00007fffefca4000 	C:\WINDOWS\SYSTEM32\WINMM.dll
0x00007fffea1b0000 - 0x00007fffea1ba000 	C:\WINDOWS\SYSTEM32\VERSION.dll
0x00007fffefc50000 - 0x00007fffefc7d000 	C:\WINDOWS\SYSTEM32\WINMMBASE.dll
0x00007ffff3860000 - 0x00007ffff38aa000 	C:\WINDOWS\System32\cfgmgr32.dll
0x00000000705b0000 - 0x00000000705bf000 	C:\Program Files\Java\jdk1.8.0_181\jre\bin\verify.dll
0x0000000070580000 - 0x00000000705a9000 	C:\Program Files\Java\jdk1.8.0_181\jre\bin\java.dll
0x0000000070520000 - 0x0000000070555000 	C:\Program Files\Java\jdk1.8.0_181\jre\bin\jdwp.dll
0x0000000070510000 - 0x0000000070518000 	C:\Program Files\Java\jdk1.8.0_181\jre\bin\npt.dll
0x00000000704e0000 - 0x0000000070503000 	C:\Program Files\Java\jdk1.8.0_181\jre\bin\instrument.dll
0x0000000070560000 - 0x0000000070576000 	C:\Program Files\Java\jdk1.8.0_181\jre\bin\zip.dll
0x00007ffff4e00000 - 0x00007ffff54e5000 	C:\WINDOWS\System32\SHELL32.dll
0x00007ffff4620000 - 0x00007ffff46c9000 	C:\WINDOWS\System32\shcore.dll
0x00007ffff3d00000 - 0x00007ffff447f000 	C:\WINDOWS\System32\windows.storage.dll
0x00007ffff3300000 - 0x00007ffff331f000 	C:\WINDOWS\System32\profapi.dll
0x00007ffff3340000 - 0x00007ffff338a000 	C:\WINDOWS\System32\powrprof.dll
0x00007ffff32d0000 - 0x00007ffff32e0000 	C:\WINDOWS\System32\UMPDC.dll
0x00007ffff4da0000 - 0x00007ffff4df2000 	C:\WINDOWS\System32\shlwapi.dll
0x00007ffff3320000 - 0x00007ffff3331000 	C:\WINDOWS\System32\kernel.appcore.dll
0x00007ffff3be0000 - 0x00007ffff3bf7000 	C:\WINDOWS\System32\cryptsp.dll
0x00000000704d0000 - 0x00000000704d9000 	C:\Program Files\Java\jdk1.8.0_181\jre\bin\dt_socket.dll
0x00007ffff2b40000 - 0x00007ffff2ba7000 	C:\WINDOWS\system32\mswsock.dll

VM Arguments:
jvm_args: -agentlib:jdwp=transport=dt_socket,address=127.0.0.1:55091,suspend=y,server=n -javaagent:C:\Users\Larry\.IntelliJIdea2018.2\system\captureAgent\debugger-agent.jar=file:/C:/Users/Larry/AppData/Local/Temp/capture.props -Dfile.encoding=UTF-8 
java_command: SyntaxChecker C:\Users\Larry\Desktop\College\2019-2020\CMPSC470Compiler\Project3\MyProject3\src\succ_01.minc
java_class_path (initial): C:\Program Files\Java\jdk1.8.0_181\jre\lib\charsets.jar;C:\Program Files\Java\jdk1.8.0_181\jre\lib\deploy.jar;C:\Program Files\Java\jdk1.8.0_181\jre\lib\ext\access-bridge-64.jar;C:\Program Files\Java\jdk1.8.0_181\jre\lib\ext\cldrdata.jar;C:\Program Files\Java\jdk1.8.0_181\jre\lib\ext\dnsns.jar;C:\Program Files\Java\jdk1.8.0_181\jre\lib\ext\jaccess.jar;C:\Program Files\Java\jdk1.8.0_181\jre\lib\ext\jfxrt.jar;C:\Program Files\Java\jdk1.8.0_181\jre\lib\ext\localedata.jar;C:\Program Files\Java\jdk1.8.0_181\jre\lib\ext\nashorn.jar;C:\Program Files\Java\jdk1.8.0_181\jre\lib\ext\sunec.jar;C:\Program Files\Java\jdk1.8.0_181\jre\lib\ext\sunjce_provider.jar;C:\Program Files\Java\jdk1.8.0_181\jre\lib\ext\sunmscapi.jar;C:\Program Files\Java\jdk1.8.0_181\jre\lib\ext\sunpkcs11.jar;C:\Program Files\Java\jdk1.8.0_181\jre\lib\ext\zipfs.jar;C:\Program Files\Java\jdk1.8.0_181\jre\lib\javaws.jar;C:\Program Files\Java\jdk1.8.0_181\jre\lib\jce.jar;C:\Program Files\Java\jdk1.8.0_181\jre\lib\jfr.jar;C:\Program Files\Java\jdk1.8.0_181\jre\lib\jfxswt.jar;C:\Program Files\Java\jdk1.8.0_181\jre\lib\jsse.jar;C:\Program Files\Java\jdk1.8.0_181\jre\lib\management-agent.jar;C:\Program Files\Java\jdk1.8.0_181\jre\lib\plugin.jar;C:\Program Files\Java\jdk1.8.0_181\jre\lib\resources.jar;C:\Program Files\Java\jdk1.8.0_181\jre\lib\rt.jar;C:\Users\Larry\Desktop\College\2019-2020\CMPSC470Compiler\Project3\MyProject3\out\production\MyProject3;C:\Program Files\JetBrains\IntelliJ IDEA 2018.2.1\lib\idea_rt.jar;C:\Users\Larry\.IntelliJIdea2018.2\system\captureAgent\debugger-agent.jar
Launcher Type: SUN_STANDARD

Environment Variables:
PATH=C:\Program Files (x86)\Common Files\Oracle\Java\javapath;C:\ProgramData\Oracle\Java\javapath;C:\Program Files (x86)\Intel\iCLS Client\;C:\Program Files\Intel\iCLS Client\;C:\WINDOWS\system32;C:\WINDOWS;C:\WINDOWS\System32\Wbem;C:\WINDOWS\System32\WindowsPowerShell\v1.0\;C:\ProgramData\Lenovo\ReadyApps;C:\Program Files (x86)\OpenVPN\bin;C:\Program Files (x86)\Windows Kits\8.1\Windows Performance Toolkit\;C:\WINDOWS\system32\config\systemprofile\.dnx\bin;C:\Program Files\Microsoft DNX\Dnvm\;C:\Program Files\Microsoft SQL Server\130\Tools\Binn\;C:\Program Files (x86)\Windows Live\Shared;C:\WINDOWS\System32\OpenSSH\;C:\Program Files\Intel\WiFi\bin\;C:\Program Files\Common Files\Intel\WirelessCommon\;C:\Program Files\Microsoft SQL Server\Client SDK\ODBC\130\Tools\Binn\;C:\Program Files (x86)\Microsoft SQL Server\140\Tools\Binn\;C:\Program Files\Microsoft SQL Server\140\Tools\Binn\;C:\Program Files\Microsoft SQL Server\140\DTS\Binn\;C:\Users\Larry\AppData\Local\Microsoft\WindowsApps;C:\Program Files\Intel\WiFi\bin\;C:\Program Files\Common Files\Intel\WirelessCommon\;
USERNAME=Kyle
OS=Windows_NT
PROCESSOR_IDENTIFIER=Intel64 Family 6 Model 61 Stepping 4, GenuineIntel



---------------  S Y S T E M  ---------------

OS: Windows 10.0 , 64 bit Build 18362 (10.0.18362.329)

CPU:total 4 (initial active 4) (2 cores per cpu, 2 threads per core) family 6 model 61 stepping 4, cmov, cx8, fxsr, mmx, sse, sse2, sse3, ssse3, sse4.1, sse4.2, popcnt, avx, avx2, clmul, erms, 3dnowpref, lzcnt, ht, tsc, tscinvbit, bmi1, bmi2, adx

Memory: 4k page, physical 8277124k(2650968k free), swap 10898564k(1329640k free)

vm_info: Java HotSpot(TM) 64-Bit Server VM (25.181-b13) for windows-amd64 JRE (1.8.0_181-b13), built on Jul  7 2018 04:01:33 by "java_re" with MS VC++ 10.0 (VS2010)

time: Mon Nov 11 15:54:24 2019
elapsed time: 812 seconds (0d 0h 13m 32s)

