#
# A fatal error has been detected by the Java Runtime Environment:
#
#  EXCEPTION_ACCESS_VIOLATION (0xc0000005) at pc=0x000000005e6aeb95, pid=11236, tid=0x0000000000003d1c
#
# JRE version: Java(TM) SE Runtime Environment (8.0_181-b13) (build 1.8.0_181-b13)
# Java VM: Java HotSpot(TM) 64-Bit Server VM (25.181-b13 mixed mode windows-amd64 compressed oops)
# Problematic frame:
# V  [jvm.dll+0x1beb95]
#
# Failed to write core dump. Minidumps are not enabled by default on client versions of Windows
#
# If you would like to submit a bug report, please visit:
#   http://bugreport.java.com/bugreport/crash.jsp
#

---------------  T H R E A D  ---------------

Current thread (0x0000000017267800):  VMThread [stack: 0x0000000018300000,0x0000000018400000] [id=15644]

siginfo: ExceptionCode=0xc0000005, reading address 0xffffffffffffffff

Registers:
RAX=0x00ca000016d0e7b8, RBX=0x00000000183ff600, RCX=0x0000000000000096, RDX=0x0000000000000007
RSP=0x00000000183ff550, RBP=0x0000000018d354e0, RSI=0x0000000016d0f948, RDI=0x00000000189ff4d0
R8 =0x0000000016d0f1f8, R9 =0x00000000026adfa0, R10=0x0000000016d4cf60, R11=0x0000000016d4cf60
R12=0x000000005e61f940, R13=0x0000000100062638, R14=0x0000000017175400, R15=0x0000000018c81e40
RIP=0x000000005e6aeb95, EFLAGS=0x0000000000010202

Top of Stack: (sp=0x00000000183ff550)
0x00000000183ff550:   00000000183ff600 00000000172b3360
0x00000000183ff560:   0000000000000000 000000005ecba960
0x00000000183ff570:   00000000189ff4d0 0000000060568d94
0x00000000183ff580:   00000000172b33f0 00000000026adfa0
0x00000000183ff590:   0000000000000000 0000000017175400
0x00000000183ff5a0:   00000000171757d8 00000000172b3360
0x00000000183ff5b0:   0000000018d354e0 00000000171757d8
0x00000000183ff5c0:   00000000000003d8 00000000189ff4d0
0x00000000183ff5d0:   00000000172b33f0 000000005e6afa77
0x00000000183ff5e0:   00000000189ff4d0 00000000183ff600
0x00000000183ff5f0:   00000000172b3360 000000005e7881d8
0x00000000183ff600:   000000005e61f940 0000000000000000
0x00000000183ff610:   0000000017266150 000000005e73cc27
0x00000000183ff620:   00000000189ff460 0000000017175400
0x00000000183ff630:   00000000171753f0 000000005e70e362
0x00000000183ff640:   00000000171753f0 0000000000000000 

Instructions: (pc=0x000000005e6aeb95)
0x000000005e6aeb75:   8d 44 d1 08 0f 1f 80 00 00 00 00 49 8b 30 f6 46
0x000000005e6aeb85:   2b 10 74 26 48 8b 46 08 0f b7 48 22 48 8b 40 08
0x000000005e6aeb95:   4c 39 7c c8 50 75 13 48 8b 46 08 0f b7 48 24 48
0x000000005e6aeba5:   8b 40 08 4c 39 4c c8 50 74 0e 49 83 e8 08 48 ff 


Register to memory mapping:

RAX=0x00ca000016d0e7b8 is an unknown value
RBX=0x00000000183ff600 is an unknown value
RCX=0x0000000000000096 is an unknown value
RDX=0x0000000000000007 is an unknown value
RSP=0x00000000183ff550 is an unknown value
RBP=0x0000000018d354e0 is an unknown value
RSI={method} {0x0000000016d0f950} 
[error occurred during error reporting (printing register info), id 0xc0000005]

Stack: [0x0000000018300000,0x0000000018400000],  sp=0x00000000183ff550,  free space=1021k
Native frames: (J=compiled Java code, j=interpreted, Vv=VM code, C=native code)
V  [jvm.dll+0x1beb95]
V  [jvm.dll+0x1bfa77]
V  [jvm.dll+0x24cc27]
V  [jvm.dll+0x24bec6]
V  [jvm.dll+0x24c361]
V  [jvm.dll+0x24c57e]
V  [jvm.dll+0x29e64a]
C  [msvcr100.dll+0x21d9f]
C  [msvcr100.dll+0x21e3b]
C  [KERNEL32.DLL+0x17bd4]
C  [ntdll.dll+0x6ced1]

VM_Operation (0x00000000189ff460): ChangeBreakpoints, mode: safepoint, requested by thread 0x00000000172ab000


---------------  P R O C E S S  ---------------

Java Threads: ( => current thread )
  0x0000000018ce3800 JavaThread "Service Thread" daemon [_thread_blocked, id=2920, stack(0x0000000019300000,0x0000000019400000)]
  0x0000000018cde800 JavaThread "C1 CompilerThread2" daemon [_thread_blocked, id=3812, stack(0x0000000019200000,0x0000000019300000)]
  0x0000000018ccc000 JavaThread "C2 CompilerThread1" daemon [_thread_blocked, id=14536, stack(0x0000000019100000,0x0000000019200000)]
  0x0000000018c7b000 JavaThread "C2 CompilerThread0" daemon [_thread_blocked, id=3592, stack(0x0000000019000000,0x0000000019100000)]
  0x00000000172bd800 JavaThread "JDWP Command Reader" daemon [_thread_in_native, id=8204, stack(0x0000000018b00000,0x0000000018c00000)]
  0x00000000172ba000 JavaThread "JDWP Event Helper Thread" daemon [_thread_blocked, id=13908, stack(0x0000000018a00000,0x0000000018b00000)]
  0x00000000172ab000 JavaThread "JDWP Transport Listener: dt_socket" daemon [_thread_blocked, id=12100, stack(0x0000000018900000,0x0000000018a00000)]
  0x00000000172a1000 JavaThread "Attach Listener" daemon [_thread_blocked, id=6920, stack(0x0000000018800000,0x0000000018900000)]
  0x000000001729f800 JavaThread "Signal Dispatcher" daemon [_thread_blocked, id=15828, stack(0x0000000018700000,0x0000000018800000)]
  0x0000000017289800 JavaThread "Finalizer" daemon [_thread_blocked, id=10944, stack(0x0000000018500000,0x0000000018600000)]
  0x0000000002754000 JavaThread "Reference Handler" daemon [_thread_blocked, id=9920, stack(0x0000000018400000,0x0000000018500000)]
  0x0000000002664000 JavaThread "main" [_thread_blocked, id=16040, stack(0x0000000002410000,0x0000000002510000)]

Other Threads:
=>0x0000000017267800 VMThread [stack: 0x0000000018300000,0x0000000018400000] [id=15644]
  0x0000000018ce8800 WatcherThread [stack: 0x0000000019400000,0x0000000019500000] [id=10812]

VM state:at safepoint (normal execution)

VM Mutex/Monitor currently owned by a thread:  ([mutex/lock_event])
[0x0000000002660ad0] Threads_lock - owner thread: 0x0000000017267800

Heap:
 PSYoungGen      total 38400K, used 5512K [0x00000000d5e00000, 0x00000000d8880000, 0x0000000100000000)
  eden space 33280K, 16% used [0x00000000d5e00000,0x00000000d6362198,0x00000000d7e80000)
  from space 5120K, 0% used [0x00000000d8380000,0x00000000d8380000,0x00000000d8880000)
  to   space 5120K, 0% used [0x00000000d7e80000,0x00000000d7e80000,0x00000000d8380000)
 ParOldGen       total 87552K, used 0K [0x0000000081a00000, 0x0000000086f80000, 0x00000000d5e00000)
  object space 87552K, 0% used [0x0000000081a00000,0x0000000081a00000,0x0000000086f80000)
 Metaspace       used 3531K, capacity 4920K, committed 5120K, reserved 1056768K
  class space    used 356K, capacity 424K, committed 512K, reserved 1048576K

Card table byte_map: [0x0000000011b20000,0x0000000011f20000] byte_map_base: 0x0000000011713000

Marking Bits: (ParMarkBitMap*) 0x000000005ed12d00
 Begin Bits: [0x00000000125d0000, 0x0000000014568000)
 End Bits:   [0x0000000014568000, 0x0000000016500000)

Polling page: 0x00000000005c0000

CodeCache: size=245760Kb used=1170Kb max_used=1170Kb free=244589Kb
 bounds [0x0000000002760000, 0x00000000029d0000, 0x0000000011760000]
 total_blobs=280 nmethods=43 adapters=158
 compilation: enabled

Compilation events (10 events):
Event: 0.559 Thread 0x0000000018cde800 nmethod 39 0x000000000287d1d0 code [0x000000000287d3c0, 0x000000000287dc88]
Event: 0.559 Thread 0x0000000018cde800   40  s!   3       sun.misc.URLClassPath::getLoader (243 bytes)
Event: 0.562 Thread 0x0000000018c7b000 nmethod 37% 0x0000000002881350 code [0x00000000028814a0, 0x0000000002881a18]
Event: 0.562 Thread 0x0000000018cde800 nmethod 40 0x0000000002881dd0 code [0x0000000002882200, 0x0000000002884f58]
Event: 0.562 Thread 0x0000000018cde800   42       3       java.lang.String::replace (127 bytes)
Event: 0.563 Thread 0x0000000018cde800 nmethod 42 0x0000000002880710 code [0x00000000028808c0, 0x0000000002880f70]
Event: 0.563 Thread 0x0000000018cde800   41       1       java.net.URL::getQuery (5 bytes)
Event: 0.563 Thread 0x0000000018cde800 nmethod 41 0x0000000002876150 code [0x00000000028762a0, 0x00000000028763b0]
Event: 221.698 Thread 0x0000000018cde800   43       3       java.util.HashMap::get (23 bytes)
Event: 221.699 Thread 0x0000000018cde800 nmethod 43 0x0000000002880010 code [0x00000000028801a0, 0x00000000028805b8]

GC Heap History (0 events):
No events

Deoptimization events (0 events):
No events

Classes redefined (10 events):
Event: 1307.428 Thread 0x0000000017267800 redefined class name=Parser$Token, count=5
Event: 1348.052 Thread 0x0000000017267800 redefined class name=Parser, count=6
Event: 1348.052 Thread 0x0000000017267800 redefined class name=Parser$Token, count=6
Event: 1362.467 Thread 0x0000000017267800 redefined class name=Parser, count=7
Event: 1362.467 Thread 0x0000000017267800 redefined class name=Parser$Token, count=7
Event: 1466.746 Thread 0x0000000017267800 redefined class name=Parser, count=8
Event: 1466.746 Thread 0x0000000017267800 redefined class name=Parser$Token, count=8
Event: 2793.104 Thread 0x0000000017267800 redefined class name=Parser, count=9
Event: 2793.104 Thread 0x0000000017267800 redefined class name=Lexer, count=1
Event: 2793.104 Thread 0x0000000017267800 redefined class name=Parser$Token, count=9

Internal exceptions (2 events):
Event: 0.049 Thread 0x0000000002664000 Exception <a 'java/lang/NoSuchMethodError': Method sun.misc.Unsafe.defineClass(Ljava/lang/String;[BII)Ljava/lang/Class; name or signature does not match> (0x00000000d5e07cb0) thrown at [C:\re\workspace\8-2-build-windows-amd64-cygwin\jdk8u181\11358\hotspot
Event: 0.049 Thread 0x0000000002664000 Exception <a 'java/lang/NoSuchMethodError': Method sun.misc.Unsafe.prefetchRead(Ljava/lang/Object;J)V name or signature does not match> (0x00000000d5e07f98) thrown at [C:\re\workspace\8-2-build-windows-amd64-cygwin\jdk8u181\11358\hotspot\src\share\vm\prim

Events (10 events):
Event: 2793.173 Executing VM operation: ChangeBreakpoints done
Event: 2793.173 Executing VM operation: ChangeBreakpoints
Event: 2793.173 Executing VM operation: ChangeBreakpoints done
Event: 2793.173 Executing VM operation: ChangeBreakpoints
Event: 2793.173 Executing VM operation: ChangeBreakpoints done
Event: 2793.174 Executing VM operation: ChangeBreakpoints
Event: 2793.174 Executing VM operation: ChangeBreakpoints done
Event: 2793.174 Executing VM operation: ChangeBreakpoints
Event: 2793.174 Executing VM operation: ChangeBreakpoints done
Event: 2793.178 Executing VM operation: ChangeBreakpoints


Dynamic libraries:
0x00007ff6fa460000 - 0x00007ff6fa497000 	C:\Program Files\Java\jdk1.8.0_181\bin\java.exe
0x00007ff8f13a0000 - 0x00007ff8f1590000 	C:\WINDOWS\SYSTEM32\ntdll.dll
0x00007ff8f12a0000 - 0x00007ff8f1352000 	C:\WINDOWS\System32\KERNEL32.DLL
0x00007ff8ef000000 - 0x00007ff8ef2a3000 	C:\WINDOWS\System32\KERNELBASE.dll
0x00007ff8f0340000 - 0x00007ff8f03e3000 	C:\WINDOWS\System32\ADVAPI32.dll
0x00007ff8f05f0000 - 0x00007ff8f068e000 	C:\WINDOWS\System32\msvcrt.dll
0x00007ff8ef8c0000 - 0x00007ff8ef957000 	C:\WINDOWS\System32\sechost.dll
0x00007ff8ef460000 - 0x00007ff8ef580000 	C:\WINDOWS\System32\RPCRT4.dll
0x00007ff8ef580000 - 0x00007ff8ef714000 	C:\WINDOWS\System32\USER32.dll
0x00007ff8eefd0000 - 0x00007ff8eeff1000 	C:\WINDOWS\System32\win32u.dll
0x00007ff8f1210000 - 0x00007ff8f1236000 	C:\WINDOWS\System32\GDI32.dll
0x00007ff8ee400000 - 0x00007ff8ee594000 	C:\WINDOWS\System32\gdi32full.dll
0x00007ff8ee360000 - 0x00007ff8ee3fe000 	C:\WINDOWS\System32\msvcp_win.dll
0x00007ff8eed80000 - 0x00007ff8eee7a000 	C:\WINDOWS\System32\ucrtbase.dll
0x00007ff8de6f0000 - 0x00007ff8de975000 	C:\WINDOWS\WinSxS\amd64_microsoft.windows.common-controls_6595b64144ccf1df_6.0.18362.418_none_e6c6b287130d565d\COMCTL32.dll
0x00007ff8ef960000 - 0x00007ff8efc96000 	C:\WINDOWS\System32\combase.dll
0x00007ff8eef50000 - 0x00007ff8eefd0000 	C:\WINDOWS\System32\bcryptPrimitives.dll
0x00007ff8f0f40000 - 0x00007ff8f0f6e000 	C:\WINDOWS\System32\IMM32.DLL
0x0000000060500000 - 0x00000000605d2000 	C:\Program Files\Java\jdk1.8.0_181\jre\bin\msvcr100.dll
0x000000005e4f0000 - 0x000000005ed92000 	C:\Program Files\Java\jdk1.8.0_181\jre\bin\server\jvm.dll
0x00007ff8f0f70000 - 0x00007ff8f0f78000 	C:\WINDOWS\System32\PSAPI.DLL
0x00007ff8d9870000 - 0x00007ff8d9879000 	C:\WINDOWS\SYSTEM32\WSOCK32.dll
0x00007ff8eaac0000 - 0x00007ff8eaae4000 	C:\WINDOWS\SYSTEM32\WINMM.dll
0x00007ff8f0740000 - 0x00007ff8f07af000 	C:\WINDOWS\System32\WS2_32.dll
0x00007ff8e6340000 - 0x00007ff8e634a000 	C:\WINDOWS\SYSTEM32\VERSION.dll
0x00007ff8eaa90000 - 0x00007ff8eaabd000 	C:\WINDOWS\SYSTEM32\WINMMBASE.dll
0x00007ff8ef400000 - 0x00007ff8ef44a000 	C:\WINDOWS\System32\cfgmgr32.dll
0x00000000604f0000 - 0x00000000604ff000 	C:\Program Files\Java\jdk1.8.0_181\jre\bin\verify.dll
0x00000000604c0000 - 0x00000000604e9000 	C:\Program Files\Java\jdk1.8.0_181\jre\bin\java.dll
0x0000000060200000 - 0x0000000060235000 	C:\Program Files\Java\jdk1.8.0_181\jre\bin\jdwp.dll
0x00000000603b0000 - 0x00000000603b8000 	C:\Program Files\Java\jdk1.8.0_181\jre\bin\npt.dll
0x00000000601d0000 - 0x00000000601f3000 	C:\Program Files\Java\jdk1.8.0_181\jre\bin\instrument.dll
0x00000000604a0000 - 0x00000000604b6000 	C:\Program Files\Java\jdk1.8.0_181\jre\bin\zip.dll
0x00007ff8f07d0000 - 0x00007ff8f0eb5000 	C:\WINDOWS\System32\SHELL32.dll
0x00007ff8f1000000 - 0x00007ff8f10a9000 	C:\WINDOWS\System32\shcore.dll
0x00007ff8ee600000 - 0x00007ff8eed7f000 	C:\WINDOWS\System32\windows.storage.dll
0x00007ff8ee2a0000 - 0x00007ff8ee2bf000 	C:\WINDOWS\System32\profapi.dll
0x00007ff8ee2e0000 - 0x00007ff8ee32a000 	C:\WINDOWS\System32\powrprof.dll
0x00007ff8ee270000 - 0x00007ff8ee280000 	C:\WINDOWS\System32\UMPDC.dll
0x00007ff8f0450000 - 0x00007ff8f04a2000 	C:\WINDOWS\System32\shlwapi.dll
0x00007ff8ee280000 - 0x00007ff8ee291000 	C:\WINDOWS\System32\kernel.appcore.dll
0x00007ff8eee80000 - 0x00007ff8eee97000 	C:\WINDOWS\System32\cryptsp.dll
0x00000000603a0000 - 0x00000000603a9000 	C:\Program Files\Java\jdk1.8.0_181\jre\bin\dt_socket.dll
0x00007ff8edae0000 - 0x00007ff8edb47000 	C:\WINDOWS\system32\mswsock.dll
0x00007ff8e86b0000 - 0x00007ff8e88a4000 	C:\WINDOWS\SYSTEM32\dbghelp.dll

VM Arguments:
jvm_args: -agentlib:jdwp=transport=dt_socket,address=127.0.0.1:50029,suspend=y,server=n -javaagent:C:\Users\Larry\.IntelliJIdea2018.2\system\captureAgent\debugger-agent.jar=file:/C:/Users/Larry/AppData/Local/Temp/capture.props -Dfile.encoding=UTF-8 
java_command: SyntaxChecker C:\Users\Larry\Desktop\College\2019-2020\CMPSC470Compiler\Project3\MyProject3\src\fail_00.minc
java_class_path (initial): C:\Program Files\Java\jdk1.8.0_181\jre\lib\charsets.jar;C:\Program Files\Java\jdk1.8.0_181\jre\lib\deploy.jar;C:\Program Files\Java\jdk1.8.0_181\jre\lib\ext\access-bridge-64.jar;C:\Program Files\Java\jdk1.8.0_181\jre\lib\ext\cldrdata.jar;C:\Program Files\Java\jdk1.8.0_181\jre\lib\ext\dnsns.jar;C:\Program Files\Java\jdk1.8.0_181\jre\lib\ext\jaccess.jar;C:\Program Files\Java\jdk1.8.0_181\jre\lib\ext\jfxrt.jar;C:\Program Files\Java\jdk1.8.0_181\jre\lib\ext\localedata.jar;C:\Program Files\Java\jdk1.8.0_181\jre\lib\ext\nashorn.jar;C:\Program Files\Java\jdk1.8.0_181\jre\lib\ext\sunec.jar;C:\Program Files\Java\jdk1.8.0_181\jre\lib\ext\sunjce_provider.jar;C:\Program Files\Java\jdk1.8.0_181\jre\lib\ext\sunmscapi.jar;C:\Program Files\Java\jdk1.8.0_181\jre\lib\ext\sunpkcs11.jar;C:\Program Files\Java\jdk1.8.0_181\jre\lib\ext\zipfs.jar;C:\Program Files\Java\jdk1.8.0_181\jre\lib\javaws.jar;C:\Program Files\Java\jdk1.8.0_181\jre\lib\jce.jar;C:\Program Files\Java\jdk1.8.0_181\jre\lib\jfr.jar;C:\Program Files\Java\jdk1.8.0_181\jre\lib\jfxswt.jar;C:\Program Files\Java\jdk1.8.0_181\jre\lib\jsse.jar;C:\Program Files\Java\jdk1.8.0_181\jre\lib\management-agent.jar;C:\Program Files\Java\jdk1.8.0_181\jre\lib\plugin.jar;C:\Program Files\Java\jdk1.8.0_181\jre\lib\resources.jar;C:\Program Files\Java\jdk1.8.0_181\jre\lib\rt.jar;C:\Users\Larry\Desktop\College\2019-2020\CMPSC470Compiler\Project3\MyProject3\out\production\MyProject3;C:\Program Files\JetBrains\IntelliJ IDEA 2018.2.1\lib\idea_rt.jar;C:\Users\Larry\.IntelliJIdea2018.2\system\captureAgent\debugger-agent.jar
Launcher Type: SUN_STANDARD

Environment Variables:
PATH=C:\Program Files (x86)\Common Files\Oracle\Java\javapath;C:\ProgramData\Oracle\Java\javapath;C:\Program Files (x86)\Intel\iCLS Client\;C:\Program Files\Intel\iCLS Client\;C:\WINDOWS\system32;C:\WINDOWS;C:\WINDOWS\System32\Wbem;C:\WINDOWS\System32\WindowsPowerShell\v1.0\;C:\ProgramData\Lenovo\ReadyApps;C:\Program Files (x86)\OpenVPN\bin;C:\Program Files (x86)\Windows Kits\8.1\Windows Performance Toolkit\;C:\WINDOWS\system32\config\systemprofile\.dnx\bin;C:\Program Files\Microsoft DNX\Dnvm\;C:\Program Files\Microsoft SQL Server\130\Tools\Binn\;C:\Program Files (x86)\Windows Live\Shared;C:\WINDOWS\System32\OpenSSH\;C:\Program Files\Intel\WiFi\bin\;C:\Program Files\Common Files\Intel\WirelessCommon\;C:\Program Files\Microsoft SQL Server\Client SDK\ODBC\130\Tools\Binn\;C:\Program Files (x86)\Microsoft SQL Server\140\Tools\Binn\;C:\Program Files\Microsoft SQL Server\140\Tools\Binn\;C:\Program Files\Microsoft SQL Server\140\DTS\Binn\;C:\Users\Larry\AppData\Local\Microsoft\WindowsApps;C:\Program Files\Intel\WiFi\bin\;C:\Program Files\Common Files\Intel\WirelessCommon\;
USERNAME=Kyle
OS=Windows_NT
PROCESSOR_IDENTIFIER=Intel64 Family 6 Model 61 Stepping 4, GenuineIntel



---------------  S Y S T E M  ---------------

OS: Windows 10.0 , 64 bit Build 18362 (10.0.18362.329)

CPU:total 4 (initial active 4) (2 cores per cpu, 2 threads per core) family 6 model 61 stepping 4, cmov, cx8, fxsr, mmx, sse, sse2, sse3, ssse3, sse4.1, sse4.2, popcnt, avx, avx2, clmul, erms, 3dnowpref, lzcnt, ht, tsc, tscinvbit, bmi1, bmi2, adx

Memory: 4k page, physical 8277124k(3005460k free), swap 10898564k(3366572k free)

vm_info: Java HotSpot(TM) 64-Bit Server VM (25.181-b13) for windows-amd64 JRE (1.8.0_181-b13), built on Jul  7 2018 04:01:33 by "java_re" with MS VC++ 10.0 (VS2010)

time: Mon Nov 11 19:16:26 2019
elapsed time: 2793 seconds (0d 0h 46m 33s)

